\BOOKMARK [1][-]{Doc-Start}{Cover}{}% 1
\BOOKMARK [1][-]{section*.1}{Table of Contents}{}% 2
\BOOKMARK [1][-]{section*.3}{Conference Map}{}% 3
\BOOKMARK [1][-]{section*.4}{Welcoming Remarks}{}% 4
\BOOKMARK [1][-]{section*.5}{Keynote Speakers}{}% 5
\BOOKMARK [2][-]{section*.6}{Dr. Xihong Lin}{section*.5}% 6
\BOOKMARK [2][-]{section*.6}{Dr. David Madigan}{section*.5}% 7
\BOOKMARK [1][-]{section*.7}{Schedule}{}% 8
\BOOKMARK [1][-]{section*.8}{Detailed Program}{}% 9
\BOOKMARK [2][-]{section*.9}{Morning sessions}{section*.8}% 10
\BOOKMARK [3][-]{section*.10}{1. New Vistas in Statistics with Applications}{section*.9}% 11
\BOOKMARK [3][-]{section*.11}{2. Non-Clinical in Pharmaceutical Industry}{section*.9}% 12
\BOOKMARK [3][-]{section*.12}{3. Space-Time Statistical Solutions at Ibm Research}{section*.9}% 13
\BOOKMARK [3][-]{section*.13}{4. Graphical Models, Networks, Regulatome and Multivariate Analysis}{section*.9}% 14
\BOOKMARK [3][-]{section*.14}{5. Big Data}{section*.9}% 15
\BOOKMARK [3][-]{section*.15}{6. Bayesian Applications in High-Dimensional and Multivariate Modeling}{section*.9}% 16
\BOOKMARK [3][-]{section*.16}{7. New Advances in Analysis of Complex Data: Heterogeneity and High Dimensions}{section*.9}% 17
\BOOKMARK [3][-]{section*.17}{8. Machine Learning and Big Data Analytics}{section*.9}% 18
\BOOKMARK [3][-]{section*.18}{9. Statistical Approaches in Modeling and Incorporating Dependence}{section*.9}% 19
\BOOKMARK [3][-]{section*.19}{10. Biopharmaceutical Statistics}{section*.9}% 20
\BOOKMARK [3][-]{section*.20}{11. Extremes}{section*.9}% 21
\BOOKMARK [3][-]{section*.21}{12. Feinberg Memorial Session: Bayesian Statistics with Applications}{section*.9}% 22
\BOOKMARK [2][-]{section*.22}{Afternoon sessions}{section*.8}% 23
\BOOKMARK [3][-]{section*.23}{1. Panel Discussion on Careers in Statistics}{section*.22}% 24
\BOOKMARK [3][-]{section*.24}{2. Statistical Applications in Finance and Insurance}{section*.22}% 25
\BOOKMARK [3][-]{section*.25}{3. Application of Statistical/Predictive Modeling in Health Related Industry}{section*.22}% 26
\BOOKMARK [3][-]{section*.26}{4. Survival Analysis}{section*.22}% 27
\BOOKMARK [3][-]{section*.27}{5. Complex Data/Network Modeling}{section*.22}% 28
\BOOKMARK [3][-]{section*.28}{6. Spatial Analysis of Public Health Data}{section*.22}% 29
\BOOKMARK [3][-]{section*.29}{7. Network Data Analysis}{section*.22}% 30
\BOOKMARK [3][-]{section*.30}{8. Statistical Approaches to Data Modeling and Analysis}{section*.22}% 31
\BOOKMARK [3][-]{section*.31}{9. Social Networks and Causal Inference}{section*.22}% 32
\BOOKMARK [3][-]{section*.32}{10. Statistical Innovations in Genomics}{section*.22}% 33
\BOOKMARK [3][-]{section*.33}{11. Recent Developments on High-Dimensional Statistics and Regularized Estimation}{section*.22}% 34
\BOOKMARK [3][-]{section*.34}{12. Subgroup Analysis}{section*.22}% 35
\BOOKMARK [1][-]{section*.35}{NESS 2017 Committees}{}% 36
\BOOKMARK [1][-]{section*.36}{Abstracts of Invited Papers}{}% 37
\BOOKMARK [1][-]{section*.61}{Abstracts of Posters}{}% 38
\BOOKMARK [1][-]{section*.63}{NESS 2017 Participants}{}% 39
